2014-12-09 15:39:19 [Server thread][INFO] Europia79 issued server command: /arena join
2014-12-09 15:39:25 [Server thread][INFO] Europia79 issued server command: /dc tester connect
2014-12-09 15:39:25 [Server thread][INFO] [tester] 'tester is connecting'
2014-12-09 15:39:25 [Server thread][INFO] [tester] 'tester connecting.  Details:testerm h=20.0 o=true d=false loc=world,0.0,0.0,0.0m gm=SURVIVAL'
2014-12-09 15:39:25 [Server thread][INFO] [tester] 'tester gettingMessage= [0;36;22m[HolographicDisplays] Found an update: v1.8.12. Download:'
2014-12-09 15:39:25 [Server thread][INFO] [tester] 'tester gettingMessage= [0;36;22m>> http://dev.bukkit.org/bukkit-plugins/holographic-displays'
2014-12-09 15:39:25 [Server thread][INFO] [tester] 'testerm teleporting from 0.0,0.0,0.0 m-> -431.0,4.0,-1211.0'
2014-12-09 15:39:31 [Server thread][INFO] Europia79 issued server command: /dc tester arena join
2014-12-09 15:39:31 [Server thread][INFO] [tester] 'tester gettingMessage= mYou joined the Arenam queue.Position: 2/2'
2014-12-09 15:39:31 [Server thread][INFO] [tester] 'tester gettingMessage= mYour Arenam match against Europia79m starts in 6m seconds.'
2014-12-09 15:39:31 [Server thread][INFO] [tester] 'tester gettingMessage= [Arena]m Europia79m[1250] vs testerm[1250]!'
2014-12-09 15:39:31 [Server thread][INFO] [Arena]m Europia79m[1250] vs testerm[1250]!
2014-12-09 15:39:37 [Server thread][INFO] [tester] 'tester gettingMessage= [Server] testing to see if this is working or not'
2014-12-09 15:39:37 [Server thread][INFO] [Server] testing to see if this is working or not
2014-12-09 15:39:37 [Server thread][INFO] [tester] 'testerm teleporting from -431.0,4.0,-1211.0 m-> -434.8749084472656,4.0,-1205.6605224609375,-83.54997,12.299999'
2014-12-09 15:39:37 [Server thread][WARN] java.lang.NullPointerException
2014-12-09 15:39:37 [Server thread][WARN] 	at net.minecraft.server.v1_7_R1.EntityPlayer.a(EntityPlayer.java:865)
2014-12-09 15:39:37 [Server thread][WARN] 	at net.minecraft.server.v1_7_R1.EntityLiving.addEffect(EntityLiving.java:537)
2014-12-09 15:39:37 [Server thread][WARN] 	at org.bukkit.craftbukkit.v1_7_R1.entity.CraftLivingEntity.addPotionEffect(CraftLivingEntity.java:266)
2014-12-09 15:39:37 [Server thread][WARN] 	at org.bukkit.craftbukkit.v1_7_R1.entity.CraftLivingEntity.addPotionEffect(CraftLivingEntity.java:256)
2014-12-09 15:39:37 [Server thread][WARN] 	at mc.alk.arena.util.EffectUtil.enchantPlayer(EffectUtil.java:73)
2014-12-09 15:39:37 [Server thread][WARN] 	at mc.alk.arena.controllers.ArenaClassController.giveClassEnchants(ArenaClassController.java:108)
2014-12-09 15:39:37 [Server thread][WARN] 	at mc.alk.arena.controllers.ArenaClassController.giveClass(ArenaClassController.java:71)
2014-12-09 15:39:37 [Server thread][WARN] 	at mc.alk.arena.controllers.ArenaClassController.giveClass(ArenaClassController.java:58)
2014-12-09 15:39:37 [Server thread][WARN] 	at mc.alk.arena.competition.TransitionController.transition(TransitionController.java:209)
2014-12-09 15:39:37 [Server thread][WARN] 	at mc.alk.arena.competition.TransitionController.transition(TransitionController.java:109)
2014-12-09 15:39:37 [Server thread][WARN] 	at mc.alk.arena.competition.TransitionController.transition(TransitionController.java:240)
2014-12-09 15:39:37 [Server thread][WARN] 	at mc.alk.arena.competition.TransitionController.transition(TransitionController.java:109)
2014-12-09 15:39:37 [Server thread][WARN] 	at mc.alk.arena.competition.TransitionController.transition(TransitionController.java:97)
2014-12-09 15:39:37 [Server thread][WARN] 	at mc.alk.arena.competition.TransitionController.transition(TransitionController.java:59)
2014-12-09 15:39:37 [Server thread][WARN] 	at mc.alk.arena.competition.Competition.performTransition(Competition.java:144)
2014-12-09 15:39:37 [Server thread][WARN] 	at mc.alk.arena.competition.match.Match.startMatch(Match.java:450)
2014-12-09 15:39:37 [Server thread][WARN] 	at mc.alk.arena.competition.match.Match.access$200(Match.java:105)
2014-12-09 15:39:37 [Server thread][WARN] 	at mc.alk.arena.competition.match.Match$3.run(Match.java:401)
2014-12-09 15:39:37 [Server thread][WARN] 	at org.bukkit.craftbukkit.v1_7_R1.scheduler.CraftTask.run(CraftTask.java:53)
2014-12-09 15:39:37 [Server thread][WARN] 	at org.bukkit.craftbukkit.v1_7_R1.scheduler.CraftScheduler.mainThreadHeartbeat(CraftScheduler.java:345)
2014-12-09 15:39:37 [Server thread][WARN] 	at net.minecraft.server.v1_7_R1.MinecraftServer.u(MinecraftServer.java:587)
2014-12-09 15:39:37 [Server thread][WARN] 	at net.minecraft.server.v1_7_R1.DedicatedServer.u(DedicatedServer.java:250)
2014-12-09 15:39:37 [Server thread][WARN] 	at net.minecraft.server.v1_7_R1.MinecraftServer.t(MinecraftServer.java:545)
2014-12-09 15:39:37 [Server thread][WARN] 	at net.minecraft.server.v1_7_R1.MinecraftServer.run(MinecraftServer.java:457)
2014-12-09 15:39:37 [Server thread][WARN] 	at net.minecraft.server.v1_7_R1.ThreadServerApplication.run(SourceFile:617)
2014-12-09 15:39:37 [Server thread][WARN] java.lang.NullPointerException
2014-12-09 15:39:37 [Server thread][WARN] 	at net.minecraft.server.v1_7_R1.EntityPlayer.a(EntityPlayer.java:865)
2014-12-09 15:39:37 [Server thread][WARN] 	at net.minecraft.server.v1_7_R1.EntityLiving.addEffect(EntityLiving.java:537)
2014-12-09 15:39:37 [Server thread][WARN] 	at org.bukkit.craftbukkit.v1_7_R1.entity.CraftLivingEntity.addPotionEffect(CraftLivingEntity.java:266)
2014-12-09 15:39:37 [Server thread][WARN] 	at org.bukkit.craftbukkit.v1_7_R1.entity.CraftLivingEntity.addPotionEffect(CraftLivingEntity.java:256)
2014-12-09 15:39:37 [Server thread][WARN] 	at mc.alk.arena.util.EffectUtil.enchantPlayer(EffectUtil.java:73)
2014-12-09 15:39:37 [Server thread][WARN] 	at mc.alk.arena.controllers.ArenaClassController.giveClassEnchants(ArenaClassController.java:108)
2014-12-09 15:39:37 [Server thread][WARN] 	at mc.alk.arena.controllers.ArenaClassController.giveClass(ArenaClassController.java:71)
2014-12-09 15:39:37 [Server thread][WARN] 	at mc.alk.arena.controllers.ArenaClassController.giveClass(ArenaClassController.java:58)
2014-12-09 15:39:37 [Server thread][WARN] 	at mc.alk.arena.competition.TransitionController.transition(TransitionController.java:209)
2014-12-09 15:39:37 [Server thread][WARN] 	at mc.alk.arena.competition.TransitionController.transition(TransitionController.java:109)
2014-12-09 15:39:37 [Server thread][WARN] 	at mc.alk.arena.competition.TransitionController.transition(TransitionController.java:240)
2014-12-09 15:39:37 [Server thread][WARN] 	at mc.alk.arena.competition.TransitionController.transition(TransitionController.java:109)
2014-12-09 15:39:37 [Server thread][WARN] 	at mc.alk.arena.competition.TransitionController.transition(TransitionController.java:97)
2014-12-09 15:39:37 [Server thread][WARN] 	at mc.alk.arena.competition.TransitionController.transition(TransitionController.java:59)
2014-12-09 15:39:37 [Server thread][WARN] 	at mc.alk.arena.competition.Competition.performTransition(Competition.java:144)
2014-12-09 15:39:37 [Server thread][WARN] 	at mc.alk.arena.competition.match.Match.startMatch(Match.java:450)
2014-12-09 15:39:37 [Server thread][WARN] 	at mc.alk.arena.competition.match.Match.access$200(Match.java:105)
2014-12-09 15:39:37 [Server thread][WARN] 	at mc.alk.arena.competition.match.Match$3.run(Match.java:401)
2014-12-09 15:39:37 [Server thread][WARN] 	at org.bukkit.craftbukkit.v1_7_R1.scheduler.CraftTask.run(CraftTask.java:53)
2014-12-09 15:39:37 [Server thread][WARN] 	at org.bukkit.craftbukkit.v1_7_R1.scheduler.CraftScheduler.mainThreadHeartbeat(CraftScheduler.java:345)
2014-12-09 15:39:37 [Server thread][WARN] 	at net.minecraft.server.v1_7_R1.MinecraftServer.u(MinecraftServer.java:587)
2014-12-09 15:39:37 [Server thread][WARN] 	at net.minecraft.server.v1_7_R1.DedicatedServer.u(DedicatedServer.java:250)
2014-12-09 15:39:37 [Server thread][WARN] 	at net.minecraft.server.v1_7_R1.MinecraftServer.t(MinecraftServer.java:545)
2014-12-09 15:39:37 [Server thread][WARN] 	at net.minecraft.server.v1_7_R1.MinecraftServer.run(MinecraftServer.java:457)
2014-12-09 15:39:37 [Server thread][WARN] 	at net.minecraft.server.v1_7_R1.ThreadServerApplication.run(SourceFile:617)